c:\so2\2018so2\so2-tp\dll\debug\vc141.pdb
c:\so2\2018so2\so2-tp\dll\debug\vc141.idb
c:\so2\2018so2\so2-tp\dll\debug\source_dll.obj
c:\so2\2018so2\so2-tp\debug\dll.lib
c:\so2\2018so2\so2-tp\debug\dll.exp
c:\so2\2018so2\so2-tp\debug\dll.ilk
c:\so2\2018so2\so2-tp\debug\dll.dll
c:\so2\2018so2\so2-tp\debug\dll.pdb
c:\2018so2\so2-tp\dll\debug\source_dll.obj
c:\2018so2\so2-tp\dll\debug\vc141.idb
c:\2018so2\so2-tp\dll\debug\vc141.pdb
c:\2018so2\so2-tp\debug\dll.pdb
c:\2018so2\so2-tp\debug\dll.dll
c:\2018so2\so2-tp\debug\dll.ilk
c:\2018so2\so2-tp\dll\debug\dll.tlog\cl.command.1.tlog
c:\2018so2\so2-tp\dll\debug\dll.tlog\cl.read.1.tlog
c:\2018so2\so2-tp\dll\debug\dll.tlog\cl.write.1.tlog
c:\2018so2\so2-tp\dll\debug\dll.tlog\dll.write.1u.tlog
c:\2018so2\so2-tp\dll\debug\dll.tlog\link.command.1.tlog
c:\2018so2\so2-tp\dll\debug\dll.tlog\link.read.1.tlog
c:\2018so2\so2-tp\dll\debug\dll.tlog\link.write.1.tlog
