c:\so2\2018so2\so2-tp\server\debug\vc141.pdb
c:\so2\2018so2\so2-tp\server\debug\vc141.idb
c:\so2\2018so2\so2-tp\server\debug\server_main.obj
c:\so2\2018so2\so2-tp\server\debug\server_func.obj
c:\so2\2018so2\so2-tp\debug\server.ilk
c:\so2\2018so2\so2-tp\debug\server.exe
c:\so2\2018so2\so2-tp\debug\server.pdb
c:\2018so2\so2-tp\server\debug\server_func.obj
c:\2018so2\so2-tp\server\debug\server_main.obj
c:\2018so2\so2-tp\server\debug\vc141.idb
c:\2018so2\so2-tp\server\debug\vc141.pdb
c:\2018so2\so2-tp\debug\server.pdb
c:\2018so2\so2-tp\debug\server.exe
c:\2018so2\so2-tp\debug\server.ilk
c:\2018so2\so2-tp\server\debug\server.tlog\cl.command.1.tlog
c:\2018so2\so2-tp\server\debug\server.tlog\cl.read.1.tlog
c:\2018so2\so2-tp\server\debug\server.tlog\cl.write.1.tlog
c:\2018so2\so2-tp\server\debug\server.tlog\link.command.1.tlog
c:\2018so2\so2-tp\server\debug\server.tlog\link.read.1.tlog
c:\2018so2\so2-tp\server\debug\server.tlog\link.write.1.tlog
